#
# A fatal error has been detected by the Java Runtime Environment:
#
#  EXCEPTION_ACCESS_VIOLATION (0xc0000005) at pc=0x00007ffe99bbcce8, pid=15384, tid=16284
#
# JRE version: OpenJDK Runtime Environment Temurin-17.0.2+8 (17.0.2+8) (build 17.0.2+8)
# Java VM: OpenJDK 64-Bit Server VM Temurin-17.0.2+8 (17.0.2+8, mixed mode, tiered, compressed oops, compressed class ptrs, g1 gc, windows-amd64)
# Problematic frame:
# V  [jvm.dll+0x23cce8]
#
# No core dump will be written. Minidumps are not enabled by default on client versions of Windows
#
# If you would like to submit a bug report, please visit:
#   https://github.com/adoptium/adoptium-support/issues
#

---------------  S U M M A R Y ------------

Command Line: -XX:+ShowCodeDetailsInExceptionMessages -agentlib:jdwp=transport=dt_socket,suspend=y,address=localhost:59702 -javaagent:C:\Users\nemec\eclipse\java-2021-12\eclipse\configuration\org.eclipse.osgi\224\0\.cp\lib\javaagent-shaded.jar -Dfile.encoding=Cp1250 cz.vutbr.feec.dbconnection.RunApp

Host: AMD Ryzen 7 4700U with Radeon Graphics         , 8 cores, 15G,  Windows 10 , 64 bit Build 19041 (10.0.19041.1645)
Time: Sun Apr 24 13:59:24 2022 Stindows 10 , 64 bit Build 19041 (10.0.19041.1645) elapsed time: 45.823991 seconds (0d 0h 0m 45s)

---------------  T H R E A D  ---------------

Current thread (0x000001b8a8e52040):  VMThread "VM Thread" [stack: 0x00000019dc600000,0x00000019dc700000] [id=16284]

Stack: [0x00000019dc600000,0x00000019dc700000],  sp=0x00000019dc6fee28,  free space=1019k
Native frames: (J=compiled Java code, j=interpreted, Vv=VM code, C=native code)
V  [jvm.dll+0x23cce8]


siginfo: EXCEPTION_ACCESS_VIOLATION (0xc0000005), reading address 0x000001b8ab096488


Register to memory mapping:

RIP=0x00007ffe99bbcce8 jvm.dll
RAX=0x0000000000194100 is an unknown value
RBX=0x000001b8aaf019d0 is pointing into metadata
RCX=0x000001b8aaf02388 is pointing into metadata
RDX=0x000000000000ca07 is an unknown value
RSP=0x00000019dc6fee28 points into unknown readable memory: 0x00007ffe99bbcd6e | 6e cd bb 99 fe 7f 00 00
RBP=0x00000019dc6fef60 points into unknown readable memory: 0xffffffffffffffff | ff ff ff ff ff ff ff ff
RSI=0x0 is NULL
RDI=0x00000019dc6ff570 points into unknown readable memory: 0x00007ffe9a322eb0 | b0 2e 32 9a fe 7f 00 00
R8 =0x0 is NULL
R9 =0x000001b8aaf019d0 is pointing into metadata
R10=0x0 is NULL
R11=0x000000002fffffff is an unknown value
R12=0x00007ffe99980000 jvm.dll
R13=0x000001b8aa3af4a0 points into unknown readable memory: 0x0000009019335800 | 00 58 33 19 90 00 00 00
R14=0x000001b8aaf014b6 is pointing into metadata
R15=0x00000000000000d8 is an unknown value


Registers:
RAX=0x0000000000194100, RBX=0x000001b8aaf019d0, RCX=0x000001b8aaf02388, RDX=0x000000000000ca07
RSP=0x00000019dc6fee28, RBP=0x00000019dc6fef60, RSI=0x0000000000000000, RDI=0x00000019dc6ff570
R8 =0x0000000000000000, R9 =0x000001b8aaf019d0, R10=0x0000000000000000, R11=0x000000002fffffff
R12=0x00007ffe99980000, R13=0x000001b8aa3af4a0, R14=0x000001b8aaf014b6, R15=0x00000000000000d8
RIP=0x00007ffe99bbcce8, EFLAGS=0x0000000000010216

Top of Stack: (sp=0x00000019dc6fee28)
0x00000019dc6fee28:   00007ffe99bbcd6e 00000019dc6feeb8
0x00000019dc6fee38:   0000000000000001 000001b8a8d59f00
0x00000019dc6fee48:   0000000000000000 00000019dc6ff3e0
0x00000019dc6fee58:   00007ffe99cb5934 0000000000000000
0x00000019dc6fee68:   0000000000000001 0000000000000000
0x00000019dc6fee78:   0000000000000000 0000000000000000
0x00000019dc6fee88:   0000000000000000 000001b8aa1ab920
0x00000019dc6fee98:   00007ffe0000000a 0000000000000000
0x00000019dc6feea8:   00000019dc6fef00 0000000000000001
0x00000019dc6feeb8:   000001b8aa1ab920 0000001600000015
0x00000019dc6feec8:   0000000000000016 000000030000000a
0x00000019dc6feed8:   000001b8a8d59f00 0000000000000000
0x00000019dc6feee8:   000000002fffffff 00000019dc6ff640
0x00000019dc6feef8:   00007ffe9a0cd01c 4fffffff4fffffff
0x00000019dc6fef08:   00007ffe9a0cd9a4 00000019dc6ff070
0x00000019dc6fef18:   00000019dc6fefa0 00000019dc6ff570 

Instructions: (pc=0x00007ffe99bbcce8)
0x00007ffe99bbcbe8:   03 03 03 03 03 03 03 03 03 03 03 03 03 03 03 03
0x00007ffe99bbcbf8:   03 03 03 03 03 03 03 03 03 03 03 03 03 03 03 03
0x00007ffe99bbcc08:   03 03 03 03 03 03 03 03 03 03 03 03 03 03 03 03
0x00007ffe99bbcc18:   03 03 03 03 03 03 03 03 03 03 03 03 03 03 03 03
0x00007ffe99bbcc28:   03 03 03 02 03 03 02 cc 48 89 5c 24 08 48 89 74
0x00007ffe99bbcc38:   24 10 57 48 83 ec 20 48 63 da 41 0f b6 f0 48 8b
0x00007ffe99bbcc48:   f9 85 d2 79 24 4c 8d 0d 34 32 70 00 ba b4 02 00
0x00007ffe99bbcc58:   00 4c 8d 05 60 32 70 00 48 8d 0d b9 31 70 00 e8
0x00007ffe99bbcc68:   84 84 00 00 e8 4f 85 43 00 40 84 f6 75 18 48 8b
0x00007ffe99bbcc78:   4f 10 48 85 c9 74 0f 48 8d 43 01 48 c1 e0 05 48
0x00007ffe99bbcc88:   8b 04 08 0f b7 d8 48 8b 74 24 38 48 63 c3 48 8b
0x00007ffe99bbcc98:   5c 24 30 0f b7 44 c7 48 48 83 c4 20 5f c3 cc cc
0x00007ffe99bbcca8:   cc cc cc cc cc cc cc cc 4c 8b c9 45 84 c0 75 41
0x00007ffe99bbccb8:   48 8b 49 10 48 85 c9 74 38 85 d2 79 19 f7 d2 8b
0x00007ffe99bbccc8:   c2 48 ff c0 48 c1 e0 05 48 8b 04 08 0f b7 c8 41
0x00007ffe99bbccd8:   0f b7 44 c9 4a c3 48 63 c2 48 ff c0 48 c1 e0 05
0x00007ffe99bbcce8:   48 8b 04 08 0f b7 d0 48 63 c2 41 0f b7 44 c1 4a
0x00007ffe99bbccf8:   c3 49 8b 41 08 4c 63 c2 42 0f b6 44 00 04 8d 48
0x00007ffe99bbcd08:   ef 80 f9 01 76 0e 3c 6a 74 0a 48 63 c2 41 0f b7
0x00007ffe99bbcd18:   44 c1 4a c3 43 0f b7 44 c1 4a c3 cc cc cc cc cc
0x00007ffe99bbcd28:   cc cc cc cc cc cc cc cc 40 53 48 83 ec 20 48 8b
0x00007ffe99bbcd38:   d9 e8 72 ff ff ff 48 63 d0 0f b7 44 d3 48 48 8b
0x00007ffe99bbcd48:   44 c3 48 48 83 c4 20 5b c3 cc cc cc cc cc cc cc
0x00007ffe99bbcd58:   cc cc cc cc cc cc cc cc 40 53 48 83 ec 20 48 8b
0x00007ffe99bbcd68:   d9 e8 42 ff ff ff 48 63 d0 0f b7 44 d3 4a 48 8b
0x00007ffe99bbcd78:   44 c3 48 48 83 c4 20 5b c3 cc cc cc cc cc cc cc
0x00007ffe99bbcd88:   cc cc cc cc cc cc cc cc 4c 8b d1 45 84 c9 75 28
0x00007ffe99bbcd98:   4c 8b 49 10 4d 85 c9 74 1f 45 85 c0 79 08 41 f7
0x00007ffe99bbcda8:   d0 41 8b c0 eb 03 49 63 c0 48 ff c0 48 c1 e0 05
0x00007ffe99bbcdb8:   4a 8b 04 08 44 0f b7 c0 49 8b 42 08 49 63 c8 0f
0x00007ffe99bbcdc8:   b6 4c 08 04 48 8b c2 88 0a c3 cc cc cc cc cc cc
0x00007ffe99bbcdd8:   cc cc cc cc cc cc cc cc 40 56 57 41 54 41 56 41 


Stack slot to memory mapping:
stack at sp + 0 slots: 0x00007ffe99bbcd6e jvm.dll
stack at sp + 1 slots: 0x00000019dc6feeb8 points into unknown readable memory: 0x000001b8aa1ab920 | 20 b9 1a aa b8 01 00 00
stack at sp + 2 slots: 0x0000000000000001 is an unknown value
stack at sp + 3 slots: 0x000001b8a8d59f00 points into unknown readable memory: 0x616a00106e30ffff | ff ff 30 6e 10 00 6a 61
stack at sp + 4 slots: 0x0 is NULL
stack at sp + 5 slots: 0x00000019dc6ff3e0 points into unknown readable memory: 0x000001b8aaf017d8 | d8 17 f0 aa b8 01 00 00
stack at sp + 6 slots: 0x00007ffe99cb5934 jvm.dll
stack at sp + 7 slots: 0x0 is NULL

VM_Operation (0x00000019dd1ff780): get/set locals, mode: safepoint, requested by thread 0x000001b8a9aa1d80


---------------  P R O C E S S  ---------------

Threads class SMR info:
_java_thread_list=0x000001b8aa1aa240, length=15, elements={
0x000001b88a819110, 0x000001b8a9841020, 0x000001b8a98418e0, 0x000001b8a9875650,
0x000001b8a9875f10, 0x000001b8a98767d0, 0x000001b8a9869680, 0x000001b8a986a360,
0x000001b8a986c7d0, 0x000001b8a988ae20, 0x000001b8a98c16d0, 0x000001b8a9aa1d80,
0x000001b8a9b8df90, 0x000001b8a9b8e480, 0x000001b8aa1b1110
}

Java Threads: ( => current thread )
  0x000001b88a819110 JavaThread "main" [_thread_blocked, id=15160, stack(0x00000019dc000000,0x00000019dc100000)]
  0x000001b8a9841020 JavaThread "Reference Handler" daemon [_thread_blocked, id=23832, stack(0x00000019dc700000,0x00000019dc800000)]
  0x000001b8a98418e0 JavaThread "Finalizer" daemon [_thread_blocked, id=16852, stack(0x00000019dc800000,0x00000019dc900000)]
  0x000001b8a9875650 JavaThread "Signal Dispatcher" daemon [_thread_blocked, id=13788, stack(0x00000019dc900000,0x00000019dca00000)]
  0x000001b8a9875f10 JavaThread "Attach Listener" daemon [_thread_blocked, id=13832, stack(0x00000019dca00000,0x00000019dcb00000)]
  0x000001b8a98767d0 JavaThread "Service Thread" daemon [_thread_blocked, id=23676, stack(0x00000019dcb00000,0x00000019dcc00000)]
  0x000001b8a9869680 JavaThread "Monitor Deflation Thread" daemon [_thread_blocked, id=16884, stack(0x00000019dcc00000,0x00000019dcd00000)]
  0x000001b8a986a360 JavaThread "C2 CompilerThread0" daemon [_thread_blocked, id=21516, stack(0x00000019dcd00000,0x00000019dce00000)]
  0x000001b8a986c7d0 JavaThread "C1 CompilerThread0" daemon [_thread_blocked, id=9300, stack(0x00000019dce00000,0x00000019dcf00000)]
  0x000001b8a988ae20 JavaThread "Sweeper thread" daemon [_thread_blocked, id=30508, stack(0x00000019dcf00000,0x00000019dd000000)]
  0x000001b8a98c16d0 JavaThread "Common-Cleaner" daemon [_thread_blocked, id=12724, stack(0x00000019dd000000,0x00000019dd100000)]
  0x000001b8a9aa1d80 JavaThread "JDWP Transport Listener: dt_socket" daemon [_thread_blocked, id=29840, stack(0x00000019dd100000,0x00000019dd200000)] _threads_hazard_ptr=0x000001b8aa1aa240
  0x000001b8a9b8df90 JavaThread "JDWP Event Helper Thread" daemon [_thread_blocked, id=12672, stack(0x00000019dd200000,0x00000019dd300000)]
  0x000001b8a9b8e480 JavaThread "JDWP Command Reader" daemon [_thread_in_native, id=27448, stack(0x00000019dd300000,0x00000019dd400000)]
  0x000001b8aa1b1110 JavaThread "Notification Thread" daemon [_thread_blocked, id=3420, stack(0x00000019dd400000,0x00000019dd500000)]

Other Threads:
=>0x000001b8a8e52040 VMThread "VM Thread" [stack: 0x00000019dc600000,0x00000019dc700000] [id=16284]
  0x000001b8aa141400 WatcherThread [stack: 0x00000019dd500000,0x00000019dd600000] [id=16408]
  0x000001b88a8671b0 GCTaskThread "GC Thread#0" [stack: 0x00000019dc100000,0x00000019dc200000] [id=23892]
  0x000001b88a877e90 ConcurrentGCThread "G1 Main Marker" [stack: 0x00000019dc200000,0x00000019dc300000] [id=6168]
  0x000001b88a87a7b0 ConcurrentGCThread "G1 Conc#0" [stack: 0x00000019dc300000,0x00000019dc400000] [id=7636]
  0x000001b88a8ee1c0 ConcurrentGCThread "G1 Refine#0" [stack: 0x00000019dc400000,0x00000019dc500000] [id=10212]
  0x000001b88a8eeae0 ConcurrentGCThread "G1 Service" [stack: 0x00000019dc500000,0x00000019dc600000] [id=15644]

Threads with active compile tasks:

VM state: at safepoint (normal execution)

VM Mutex/Monitor currently owned by a thread:  ([mutex/lock_event])
[0x000001b88a815750] Threads_lock - owner thread: 0x000001b8a8e52040

Heap address: 0x000000070a000000, size: 3936 MB, Compressed Oops mode: Zero based, Oop shift amount: 3

CDS archive(s) not mapped
Compressed class space mapped at: 0x0000000800000000-0x0000000840000000, reserved size: 1073741824
Narrow klass base: 0x0000000800000000, Narrow klass shift: 0, Narrow klass range: 0x40000000

GC Precious Log:
 CPUs: 8 total, 8 available
 Memory: 15741M
 Large Page Support: Disabled
 NUMA Support: Disabled
 Compressed Oops: Enabled (Zero based)
 Heap Region Size: 2M
 Heap Min Capacity: 8M
 Heap Initial Capacity: 246M
 Heap Max Capacity: 3936M
 Pre-touch: Disabled
 Parallel Workers: 8
 Concurrent Workers: 2
 Concurrent Refinement Workers: 8
 Periodic GC: Disabled

Heap:
 garbage-first heap   total 251904K, used 8192K [0x000000070a000000, 0x0000000800000000)
  region size 2048K, 5 young (10240K), 0 survivors (0K)
 Metaspace       used 11226K, committed 11392K, reserved 1064960K
  class space    used 983K, committed 1024K, reserved 1048576K

Heap Regions: E=young(eden), S=young(survivor), O=old, HS=humongous(starts), HC=humongous(continues), CS=collection set, F=free, OA=open archive, CA=closed archive, TAMS=top-at-mark-start (previous, next)
|   0|0x000000070a000000, 0x000000070a000000, 0x000000070a200000|  0%| F|  |TAMS 0x000000070a000000, 0x000000070a000000| Untracked 
|   1|0x000000070a200000, 0x000000070a200000, 0x000000070a400000|  0%| F|  |TAMS 0x000000070a200000, 0x000000070a200000| Untracked 
|   2|0x000000070a400000, 0x000000070a400000, 0x000000070a600000|  0%| F|  |TAMS 0x000000070a400000, 0x000000070a400000| Untracked 
|   3|0x000000070a600000, 0x000000070a600000, 0x000000070a800000|  0%| F|  |TAMS 0x000000070a600000, 0x000000070a600000| Untracked 
|   4|0x000000070a800000, 0x000000070a800000, 0x000000070aa00000|  0%| F|  |TAMS 0x000000070a800000, 0x000000070a800000| Untracked 
|   5|0x000000070aa00000, 0x000000070aa00000, 0x000000070ac00000|  0%| F|  |TAMS 0x000000070aa00000, 0x000000070aa00000| Untracked 
|   6|0x000000070ac00000, 0x000000070ac00000, 0x000000070ae00000|  0%| F|  |TAMS 0x000000070ac00000, 0x000000070ac00000| Untracked 
|   7|0x000000070ae00000, 0x000000070ae00000, 0x000000070b000000|  0%| F|  |TAMS 0x000000070ae00000, 0x000000070ae00000| Untracked 
|   8|0x000000070b000000, 0x000000070b000000, 0x000000070b200000|  0%| F|  |TAMS 0x000000070b000000, 0x000000070b000000| Untracked 
|   9|0x000000070b200000, 0x000000070b200000, 0x000000070b400000|  0%| F|  |TAMS 0x000000070b200000, 0x000000070b200000| Untracked 
|  10|0x000000070b400000, 0x000000070b400000, 0x000000070b600000|  0%| F|  |TAMS 0x000000070b400000, 0x000000070b400000| Untracked 
|  11|0x000000070b600000, 0x000000070b600000, 0x000000070b800000|  0%| F|  |TAMS 0x000000070b600000, 0x000000070b600000| Untracked 
|  12|0x000000070b800000, 0x000000070b800000, 0x000000070ba00000|  0%| F|  |TAMS 0x000000070b800000, 0x000000070b800000| Untracked 
|  13|0x000000070ba00000, 0x000000070ba00000, 0x000000070bc00000|  0%| F|  |TAMS 0x000000070ba00000, 0x000000070ba00000| Untracked 
|  14|0x000000070bc00000, 0x000000070bc00000, 0x000000070be00000|  0%| F|  |TAMS 0x000000070bc00000, 0x000000070bc00000| Untracked 
|  15|0x000000070be00000, 0x000000070be00000, 0x000000070c000000|  0%| F|  |TAMS 0x000000070be00000, 0x000000070be00000| Untracked 
|  16|0x000000070c000000, 0x000000070c000000, 0x000000070c200000|  0%| F|  |TAMS 0x000000070c000000, 0x000000070c000000| Untracked 
|  17|0x000000070c200000, 0x000000070c200000, 0x000000070c400000|  0%| F|  |TAMS 0x000000070c200000, 0x000000070c200000| Untracked 
|  18|0x000000070c400000, 0x000000070c400000, 0x000000070c600000|  0%| F|  |TAMS 0x000000070c400000, 0x000000070c400000| Untracked 
|  19|0x000000070c600000, 0x000000070c600000, 0x000000070c800000|  0%| F|  |TAMS 0x000000070c600000, 0x000000070c600000| Untracked 
|  20|0x000000070c800000, 0x000000070c800000, 0x000000070ca00000|  0%| F|  |TAMS 0x000000070c800000, 0x000000070c800000| Untracked 
|  21|0x000000070ca00000, 0x000000070ca00000, 0x000000070cc00000|  0%| F|  |TAMS 0x000000070ca00000, 0x000000070ca00000| Untracked 
|  22|0x000000070cc00000, 0x000000070cc00000, 0x000000070ce00000|  0%| F|  |TAMS 0x000000070cc00000, 0x000000070cc00000| Untracked 
|  23|0x000000070ce00000, 0x000000070ce00000, 0x000000070d000000|  0%| F|  |TAMS 0x000000070ce00000, 0x000000070ce00000| Untracked 
|  24|0x000000070d000000, 0x000000070d000000, 0x000000070d200000|  0%| F|  |TAMS 0x000000070d000000, 0x000000070d000000| Untracked 
|  25|0x000000070d200000, 0x000000070d200000, 0x000000070d400000|  0%| F|  |TAMS 0x000000070d200000, 0x000000070d200000| Untracked 
|  26|0x000000070d400000, 0x000000070d400000, 0x000000070d600000|  0%| F|  |TAMS 0x000000070d400000, 0x000000070d400000| Untracked 
|  27|0x000000070d600000, 0x000000070d600000, 0x000000070d800000|  0%| F|  |TAMS 0x000000070d600000, 0x000000070d600000| Untracked 
|  28|0x000000070d800000, 0x000000070d800000, 0x000000070da00000|  0%| F|  |TAMS 0x000000070d800000, 0x000000070d800000| Untracked 
|  29|0x000000070da00000, 0x000000070da00000, 0x000000070dc00000|  0%| F|  |TAMS 0x000000070da00000, 0x000000070da00000| Untracked 
|  30|0x000000070dc00000, 0x000000070dc00000, 0x000000070de00000|  0%| F|  |TAMS 0x000000070dc00000, 0x000000070dc00000| Untracked 
|  31|0x000000070de00000, 0x000000070de00000, 0x000000070e000000|  0%| F|  |TAMS 0x000000070de00000, 0x000000070de00000| Untracked 
|  32|0x000000070e000000, 0x000000070e000000, 0x000000070e200000|  0%| F|  |TAMS 0x000000070e000000, 0x000000070e000000| Untracked 
|  33|0x000000070e200000, 0x000000070e200000, 0x000000070e400000|  0%| F|  |TAMS 0x000000070e200000, 0x000000070e200000| Untracked 
|  34|0x000000070e400000, 0x000000070e400000, 0x000000070e600000|  0%| F|  |TAMS 0x000000070e400000, 0x000000070e400000| Untracked 
|  35|0x000000070e600000, 0x000000070e600000, 0x000000070e800000|  0%| F|  |TAMS 0x000000070e600000, 0x000000070e600000| Untracked 
|  36|0x000000070e800000, 0x000000070e800000, 0x000000070ea00000|  0%| F|  |TAMS 0x000000070e800000, 0x000000070e800000| Untracked 
|  37|0x000000070ea00000, 0x000000070ea00000, 0x000000070ec00000|  0%| F|  |TAMS 0x000000070ea00000, 0x000000070ea00000| Untracked 
|  38|0x000000070ec00000, 0x000000070ec00000, 0x000000070ee00000|  0%| F|  |TAMS 0x000000070ec00000, 0x000000070ec00000| Untracked 
|  39|0x000000070ee00000, 0x000000070ee00000, 0x000000070f000000|  0%| F|  |TAMS 0x000000070ee00000, 0x000000070ee00000| Untracked 
|  40|0x000000070f000000, 0x000000070f000000, 0x000000070f200000|  0%| F|  |TAMS 0x000000070f000000, 0x000000070f000000| Untracked 
|  41|0x000000070f200000, 0x000000070f200000, 0x000000070f400000|  0%| F|  |TAMS 0x000000070f200000, 0x000000070f200000| Untracked 
|  42|0x000000070f400000, 0x000000070f400000, 0x000000070f600000|  0%| F|  |TAMS 0x000000070f400000, 0x000000070f400000| Untracked 
|  43|0x000000070f600000, 0x000000070f600000, 0x000000070f800000|  0%| F|  |TAMS 0x000000070f600000, 0x000000070f600000| Untracked 
|  44|0x000000070f800000, 0x000000070f800000, 0x000000070fa00000|  0%| F|  |TAMS 0x000000070f800000, 0x000000070f800000| Untracked 
|  45|0x000000070fa00000, 0x000000070fa00000, 0x000000070fc00000|  0%| F|  |TAMS 0x000000070fa00000, 0x000000070fa00000| Untracked 
|  46|0x000000070fc00000, 0x000000070fc00000, 0x000000070fe00000|  0%| F|  |TAMS 0x000000070fc00000, 0x000000070fc00000| Untracked 
|  47|0x000000070fe00000, 0x000000070fe00000, 0x0000000710000000|  0%| F|  |TAMS 0x000000070fe00000, 0x000000070fe00000| Untracked 
|  48|0x0000000710000000, 0x0000000710000000, 0x0000000710200000|  0%| F|  |TAMS 0x0000000710000000, 0x0000000710000000| Untracked 
|  49|0x0000000710200000, 0x0000000710200000, 0x0000000710400000|  0%| F|  |TAMS 0x0000000710200000, 0x0000000710200000| Untracked 
|  50|0x0000000710400000, 0x0000000710400000, 0x0000000710600000|  0%| F|  |TAMS 0x0000000710400000, 0x0000000710400000| Untracked 
|  51|0x0000000710600000, 0x0000000710600000, 0x0000000710800000|  0%| F|  |TAMS 0x0000000710600000, 0x0000000710600000| Untracked 
|  52|0x0000000710800000, 0x0000000710800000, 0x0000000710a00000|  0%| F|  |TAMS 0x0000000710800000, 0x0000000710800000| Untracked 
|  53|0x0000000710a00000, 0x0000000710a00000, 0x0000000710c00000|  0%| F|  |TAMS 0x0000000710a00000, 0x0000000710a00000| Untracked 
|  54|0x0000000710c00000, 0x0000000710c00000, 0x0000000710e00000|  0%| F|  |TAMS 0x0000000710c00000, 0x0000000710c00000| Untracked 
|  55|0x0000000710e00000, 0x0000000710e00000, 0x0000000711000000|  0%| F|  |TAMS 0x0000000710e00000, 0x0000000710e00000| Untracked 
|  56|0x0000000711000000, 0x0000000711000000, 0x0000000711200000|  0%| F|  |TAMS 0x0000000711000000, 0x0000000711000000| Untracked 
|  57|0x0000000711200000, 0x0000000711200000, 0x0000000711400000|  0%| F|  |TAMS 0x0000000711200000, 0x0000000711200000| Untracked 
|  58|0x0000000711400000, 0x0000000711400000, 0x0000000711600000|  0%| F|  |TAMS 0x0000000711400000, 0x0000000711400000| Untracked 
|  59|0x0000000711600000, 0x0000000711600000, 0x0000000711800000|  0%| F|  |TAMS 0x0000000711600000, 0x0000000711600000| Untracked 
|  60|0x0000000711800000, 0x0000000711800000, 0x0000000711a00000|  0%| F|  |TAMS 0x0000000711800000, 0x0000000711800000| Untracked 
|  61|0x0000000711a00000, 0x0000000711a00000, 0x0000000711c00000|  0%| F|  |TAMS 0x0000000711a00000, 0x0000000711a00000| Untracked 
|  62|0x0000000711c00000, 0x0000000711c00000, 0x0000000711e00000|  0%| F|  |TAMS 0x0000000711c00000, 0x0000000711c00000| Untracked 
|  63|0x0000000711e00000, 0x0000000711e00000, 0x0000000712000000|  0%| F|  |TAMS 0x0000000711e00000, 0x0000000711e00000| Untracked 
|  64|0x0000000712000000, 0x0000000712000000, 0x0000000712200000|  0%| F|  |TAMS 0x0000000712000000, 0x0000000712000000| Untracked 
|  65|0x0000000712200000, 0x0000000712200000, 0x0000000712400000|  0%| F|  |TAMS 0x0000000712200000, 0x0000000712200000| Untracked 
|  66|0x0000000712400000, 0x0000000712400000, 0x0000000712600000|  0%| F|  |TAMS 0x0000000712400000, 0x0000000712400000| Untracked 
|  67|0x0000000712600000, 0x0000000712600000, 0x0000000712800000|  0%| F|  |TAMS 0x0000000712600000, 0x0000000712600000| Untracked 
|  68|0x0000000712800000, 0x0000000712800000, 0x0000000712a00000|  0%| F|  |TAMS 0x0000000712800000, 0x0000000712800000| Untracked 
|  69|0x0000000712a00000, 0x0000000712a00000, 0x0000000712c00000|  0%| F|  |TAMS 0x0000000712a00000, 0x0000000712a00000| Untracked 
|  70|0x0000000712c00000, 0x0000000712c00000, 0x0000000712e00000|  0%| F|  |TAMS 0x0000000712c00000, 0x0000000712c00000| Untracked 
|  71|0x0000000712e00000, 0x0000000712e00000, 0x0000000713000000|  0%| F|  |TAMS 0x0000000712e00000, 0x0000000712e00000| Untracked 
|  72|0x0000000713000000, 0x0000000713000000, 0x0000000713200000|  0%| F|  |TAMS 0x0000000713000000, 0x0000000713000000| Untracked 
|  73|0x0000000713200000, 0x0000000713200000, 0x0000000713400000|  0%| F|  |TAMS 0x0000000713200000, 0x0000000713200000| Untracked 
|  74|0x0000000713400000, 0x0000000713400000, 0x0000000713600000|  0%| F|  |TAMS 0x0000000713400000, 0x0000000713400000| Untracked 
|  75|0x0000000713600000, 0x0000000713600000, 0x0000000713800000|  0%| F|  |TAMS 0x0000000713600000, 0x0000000713600000| Untracked 
|  76|0x0000000713800000, 0x0000000713800000, 0x0000000713a00000|  0%| F|  |TAMS 0x0000000713800000, 0x0000000713800000| Untracked 
|  77|0x0000000713a00000, 0x0000000713a00000, 0x0000000713c00000|  0%| F|  |TAMS 0x0000000713a00000, 0x0000000713a00000| Untracked 
|  78|0x0000000713c00000, 0x0000000713c00000, 0x0000000713e00000|  0%| F|  |TAMS 0x0000000713c00000, 0x0000000713c00000| Untracked 
|  79|0x0000000713e00000, 0x0000000713e00000, 0x0000000714000000|  0%| F|  |TAMS 0x0000000713e00000, 0x0000000713e00000| Untracked 
|  80|0x0000000714000000, 0x0000000714000000, 0x0000000714200000|  0%| F|  |TAMS 0x0000000714000000, 0x0000000714000000| Untracked 
|  81|0x0000000714200000, 0x0000000714200000, 0x0000000714400000|  0%| F|  |TAMS 0x0000000714200000, 0x0000000714200000| Untracked 
|  82|0x0000000714400000, 0x0000000714400000, 0x0000000714600000|  0%| F|  |TAMS 0x0000000714400000, 0x0000000714400000| Untracked 
|  83|0x0000000714600000, 0x0000000714600000, 0x0000000714800000|  0%| F|  |TAMS 0x0000000714600000, 0x0000000714600000| Untracked 
|  84|0x0000000714800000, 0x0000000714800000, 0x0000000714a00000|  0%| F|  |TAMS 0x0000000714800000, 0x0000000714800000| Untracked 
|  85|0x0000000714a00000, 0x0000000714a00000, 0x0000000714c00000|  0%| F|  |TAMS 0x0000000714a00000, 0x0000000714a00000| Untracked 
|  86|0x0000000714c00000, 0x0000000714c00000, 0x0000000714e00000|  0%| F|  |TAMS 0x0000000714c00000, 0x0000000714c00000| Untracked 
|  87|0x0000000714e00000, 0x0000000714e00000, 0x0000000715000000|  0%| F|  |TAMS 0x0000000714e00000, 0x0000000714e00000| Untracked 
|  88|0x0000000715000000, 0x0000000715000000, 0x0000000715200000|  0%| F|  |TAMS 0x0000000715000000, 0x0000000715000000| Untracked 
|  89|0x0000000715200000, 0x0000000715200000, 0x0000000715400000|  0%| F|  |TAMS 0x0000000715200000, 0x0000000715200000| Untracked 
|  90|0x0000000715400000, 0x0000000715400000, 0x0000000715600000|  0%| F|  |TAMS 0x0000000715400000, 0x0000000715400000| Untracked 
|  91|0x0000000715600000, 0x0000000715600000, 0x0000000715800000|  0%| F|  |TAMS 0x0000000715600000, 0x0000000715600000| Untracked 
|  92|0x0000000715800000, 0x0000000715800000, 0x0000000715a00000|  0%| F|  |TAMS 0x0000000715800000, 0x0000000715800000| Untracked 
|  93|0x0000000715a00000, 0x0000000715a00000, 0x0000000715c00000|  0%| F|  |TAMS 0x0000000715a00000, 0x0000000715a00000| Untracked 
|  94|0x0000000715c00000, 0x0000000715c00000, 0x0000000715e00000|  0%| F|  |TAMS 0x0000000715c00000, 0x0000000715c00000| Untracked 
|  95|0x0000000715e00000, 0x0000000715e00000, 0x0000000716000000|  0%| F|  |TAMS 0x0000000715e00000, 0x0000000715e00000| Untracked 
|  96|0x0000000716000000, 0x0000000716000000, 0x0000000716200000|  0%| F|  |TAMS 0x0000000716000000, 0x0000000716000000| Untracked 
|  97|0x0000000716200000, 0x0000000716200000, 0x0000000716400000|  0%| F|  |TAMS 0x0000000716200000, 0x0000000716200000| Untracked 
|  98|0x0000000716400000, 0x0000000716400000, 0x0000000716600000|  0%| F|  |TAMS 0x0000000716400000, 0x0000000716400000| Untracked 
|  99|0x0000000716600000, 0x0000000716600000, 0x0000000716800000|  0%| F|  |TAMS 0x0000000716600000, 0x0000000716600000| Untracked 
| 100|0x0000000716800000, 0x0000000716800000, 0x0000000716a00000|  0%| F|  |TAMS 0x0000000716800000, 0x0000000716800000| Untracked 
| 101|0x0000000716a00000, 0x0000000716a00000, 0x0000000716c00000|  0%| F|  |TAMS 0x0000000716a00000, 0x0000000716a00000| Untracked 
| 102|0x0000000716c00000, 0x0000000716c00000, 0x0000000716e00000|  0%| F|  |TAMS 0x0000000716c00000, 0x0000000716c00000| Untracked 
| 103|0x0000000716e00000, 0x0000000716e00000, 0x0000000717000000|  0%| F|  |TAMS 0x0000000716e00000, 0x0000000716e00000| Untracked 
| 104|0x0000000717000000, 0x0000000717000000, 0x0000000717200000|  0%| F|  |TAMS 0x0000000717000000, 0x0000000717000000| Untracked 
| 105|0x0000000717200000, 0x0000000717200000, 0x0000000717400000|  0%| F|  |TAMS 0x0000000717200000, 0x0000000717200000| Untracked 
| 106|0x0000000717400000, 0x0000000717400000, 0x0000000717600000|  0%| F|  |TAMS 0x0000000717400000, 0x0000000717400000| Untracked 
| 107|0x0000000717600000, 0x0000000717600000, 0x0000000717800000|  0%| F|  |TAMS 0x0000000717600000, 0x0000000717600000| Untracked 
| 108|0x0000000717800000, 0x0000000717800000, 0x0000000717a00000|  0%| F|  |TAMS 0x0000000717800000, 0x0000000717800000| Untracked 
| 109|0x0000000717a00000, 0x0000000717a00000, 0x0000000717c00000|  0%| F|  |TAMS 0x0000000717a00000, 0x0000000717a00000| Untracked 
| 110|0x0000000717c00000, 0x0000000717c00000, 0x0000000717e00000|  0%| F|  |TAMS 0x0000000717c00000, 0x0000000717c00000| Untracked 
| 111|0x0000000717e00000, 0x0000000717e00000, 0x0000000718000000|  0%| F|  |TAMS 0x0000000717e00000, 0x0000000717e00000| Untracked 
| 112|0x0000000718000000, 0x0000000718000000, 0x0000000718200000|  0%| F|  |TAMS 0x0000000718000000, 0x0000000718000000| Untracked 
| 113|0x0000000718200000, 0x0000000718200000, 0x0000000718400000|  0%| F|  |TAMS 0x0000000718200000, 0x0000000718200000| Untracked 
| 114|0x0000000718400000, 0x0000000718400000, 0x0000000718600000|  0%| F|  |TAMS 0x0000000718400000, 0x0000000718400000| Untracked 
| 115|0x0000000718600000, 0x0000000718600000, 0x0000000718800000|  0%| F|  |TAMS 0x0000000718600000, 0x0000000718600000| Untracked 
| 116|0x0000000718800000, 0x0000000718800000, 0x0000000718a00000|  0%| F|  |TAMS 0x0000000718800000, 0x0000000718800000| Untracked 
| 117|0x0000000718a00000, 0x0000000718a00000, 0x0000000718c00000|  0%| F|  |TAMS 0x0000000718a00000, 0x0000000718a00000| Untracked 
| 118|0x0000000718c00000, 0x0000000718ce1cc8, 0x0000000718e00000| 44%| E|  |TAMS 0x0000000718c00000, 0x0000000718c00000| Complete 
| 119|0x0000000718e00000, 0x0000000719000000, 0x0000000719000000|100%| E|CS|TAMS 0x0000000718e00000, 0x0000000718e00000| Complete 
| 120|0x0000000719000000, 0x0000000719200000, 0x0000000719200000|100%| E|CS|TAMS 0x0000000719000000, 0x0000000719000000| Complete 
| 121|0x0000000719200000, 0x0000000719400000, 0x0000000719400000|100%| E|CS|TAMS 0x0000000719200000, 0x0000000719200000| Complete 
| 122|0x0000000719400000, 0x0000000719600000, 0x0000000719600000|100%| E|CS|TAMS 0x0000000719400000, 0x0000000719400000| Complete 

Card table byte_map: [0x000001b89d9c0000,0x000001b89e170000] _byte_map_base: 0x000001b89a170000

Marking Bits (Prev, Next): (CMBitMap*) 0x000001b88a8677c0, (CMBitMap*) 0x000001b88a867800
 Prev Bits: [0x000001b89e920000, 0x000001b8a26a0000)
 Next Bits: [0x000001b8a26a0000, 0x000001b8a6420000)

Polling page: 0x000001b889ff0000

Metaspace:

Usage:
  Non-class:     10.00 MB used.
      Class:    983.28 KB used.
       Both:     10.96 MB used.

Virtual space:
  Non-class space:       16.00 MB reserved,      10.12 MB ( 63%) committed,  2 nodes.
      Class space:        1.00 GB reserved,       1.00 MB ( <1%) committed,  1 nodes.
             Both:        1.02 GB reserved,      11.12 MB (  1%) committed. 

Chunk freelists:
   Non-Class:  1008.00 KB
       Class:  2.96 MB
        Both:  3.95 MB

MaxMetaspaceSize: unlimited
CompressedClassSpaceSize: 1.00 GB
Initial GC threshold: 21.00 MB
Current GC threshold: 21.00 MB
CDS: off
MetaspaceReclaimPolicy: balanced
 - commit_granule_bytes: 65536.
 - commit_granule_words: 8192.
 - virtual_space_node_default_size: 1048576.
 - enlarge_chunks_in_place: 1.
 - new_chunks_are_fully_committed: 0.
 - uncommit_free_chunks: 1.
 - use_allocation_guard: 0.
 - handle_deallocations: 1.


Internal statistics:

num_allocs_failed_limit: 0.
num_arena_births: 14.
num_arena_deaths: 0.
num_vsnodes_births: 3.
num_vsnodes_deaths: 0.
num_space_committed: 178.
num_space_uncommitted: 0.
num_chunks_returned_to_freelist: 0.
num_chunks_taken_from_freelist: 65.
num_chunk_merges: 0.
num_chunk_splits: 29.
num_chunks_enlarged: 18.
num_purges: 0.
num_inconsistent_stats: 0.

CodeHeap 'non-profiled nmethods': size=120000Kb used=175Kb max_used=175Kb free=119825Kb
 bounds [0x000001b8959a0000, 0x000001b895c10000, 0x000001b89ced0000]
CodeHeap 'profiled nmethods': size=120000Kb used=781Kb max_used=781Kb free=119218Kb
 bounds [0x000001b88e470000, 0x000001b88e6e0000, 0x000001b8959a0000]
CodeHeap 'non-nmethods': size=5760Kb used=1217Kb max_used=1237Kb free=4542Kb
 bounds [0x000001b88ded0000, 0x000001b88e140000, 0x000001b88e470000]
 total_blobs=974 nmethods=536 adapters=351
 compilation: enabled
              stopped_count=0, restarted_count=0
 full_count=0

Compilation events (20 events):
Event: 0.421 Thread 0x000001b8a986c7d0 nmethod 527 0x000001b88e530510 code [0x000001b88e5306c0, 0x000001b88e530948]
Event: 0.421 Thread 0x000001b8a986c7d0  528       3       java.util.regex.ASCII::toLower (16 bytes)
Event: 0.421 Thread 0x000001b8a986c7d0 nmethod 528 0x000001b88e530a90 code [0x000001b88e530c20, 0x000001b88e530e18]
Event: 0.421 Thread 0x000001b8a986c7d0  529       3       java.util.regex.ASCII::isUpper (18 bytes)
Event: 0.421 Thread 0x000001b8a986c7d0 nmethod 529 0x000001b88e530f10 code [0x000001b88e5310a0, 0x000001b88e5311f8]
Event: 0.421 Thread 0x000001b8a986c7d0  530       3       java.util.regex.Pattern::read (33 bytes)
Event: 0.421 Thread 0x000001b8a986c7d0 nmethod 530 0x000001b88e531290 code [0x000001b88e531440, 0x000001b88e5316c8]
Event: 0.427 Thread 0x000001b8a986a360 nmethod 501 0x000001b8959ca010 code [0x000001b8959ca1c0, 0x000001b8959cabf8]
Event: 0.427 Thread 0x000001b8a986a360  475  s    4       java.io.BufferedInputStream::read (49 bytes)
Event: 0.428 Thread 0x000001b8a986a360 nmethod 475 0x000001b8959cb190 code [0x000001b8959cb320, 0x000001b8959cb6c8]
Event: 16.989 Thread 0x000001b8a986c7d0  531       3       sun.nio.cs.SingleByte$Encoder::encode (32 bytes)
Event: 16.989 Thread 0x000001b8a986c7d0 nmethod 531 0x000001b88e531810 code [0x000001b88e5319c0, 0x000001b88e531bb8]
Event: 26.718 Thread 0x000001b8a986c7d0  533       3       java.nio.Buffer::position (52 bytes)
Event: 26.719 Thread 0x000001b8a986c7d0 nmethod 533 0x000001b88e531d10 code [0x000001b88e531ec0, 0x000001b88e532168]
Event: 45.671 Thread 0x000001b8a986c7d0  534       3       java.lang.StringUTF16::hashCode (33 bytes)
Event: 45.671 Thread 0x000001b8a986c7d0 nmethod 534 0x000001b88e532290 code [0x000001b88e532420, 0x000001b88e5325d8]
Event: 45.671 Thread 0x000001b8a986c7d0  535       3       org.eclipse.jdt.launching.internal.org.objectweb.asm.ClassReader::readClass (7 bytes)
Event: 45.671 Thread 0x000001b8a986c7d0 nmethod 535 0x000001b88e532710 code [0x000001b88e5328e0, 0x000001b88e532c88]
Event: 45.671 Thread 0x000001b8a986c7d0  536       3       org.eclipse.jdt.launching.internal.org.objectweb.asm.ClassReader::readStringish (16 bytes)
Event: 45.672 Thread 0x000001b8a986c7d0 nmethod 536 0x000001b88e532e90 code [0x000001b88e533060, 0x000001b88e533388]

GC Heap History (0 events):
No events

Deoptimization events (20 events):
Event: 0.349 Thread 0x000001b88a819110 DEOPT PACKING pc=0x000001b88e4e3854 sp=0x00000019dc0fbd00
Event: 0.349 Thread 0x000001b88a819110 DEOPT UNPACKING pc=0x000001b88df22b43 sp=0x00000019dc0fb168 mode 0
Event: 0.349 Thread 0x000001b88a819110 DEOPT PACKING pc=0x000001b88e4e3854 sp=0x00000019dc0fbd00
Event: 0.349 Thread 0x000001b88a819110 DEOPT UNPACKING pc=0x000001b88df22b43 sp=0x00000019dc0fb168 mode 0
Event: 0.351 Thread 0x000001b88a819110 DEOPT PACKING pc=0x000001b88e4e3854 sp=0x00000019dc0f8230
Event: 0.351 Thread 0x000001b88a819110 DEOPT UNPACKING pc=0x000001b88df22b43 sp=0x00000019dc0f7698 mode 0
Event: 0.352 Thread 0x000001b88a819110 DEOPT PACKING pc=0x000001b88e4e3854 sp=0x00000019dc0fbc30
Event: 0.352 Thread 0x000001b88a819110 DEOPT UNPACKING pc=0x000001b88df22b43 sp=0x00000019dc0fb098 mode 0
Event: 0.353 Thread 0x000001b88a819110 Uncommon trap: trap_request=0xffffff45 fr.pc=0x000001b8959a939c relative=0x000000000000019c
Event: 0.353 Thread 0x000001b88a819110 Uncommon trap: reason=unstable_if action=reinterpret pc=0x000001b8959a939c method=java.lang.String.isLatin1()Z @ 10 c2
Event: 0.353 Thread 0x000001b88a819110 DEOPT PACKING pc=0x000001b8959a939c sp=0x00000019dc0fccc0
Event: 0.353 Thread 0x000001b88a819110 DEOPT UNPACKING pc=0x000001b88df223a3 sp=0x00000019dc0fcbf8 mode 2
Event: 0.353 Thread 0x000001b88a819110 Uncommon trap: trap_request=0xffffff45 fr.pc=0x000001b8959a6260 relative=0x0000000000000060
Event: 0.353 Thread 0x000001b88a819110 Uncommon trap: reason=unstable_if action=reinterpret pc=0x000001b8959a6260 method=java.lang.String.isLatin1()Z @ 10 c2
Event: 0.353 Thread 0x000001b88a819110 DEOPT PACKING pc=0x000001b8959a6260 sp=0x00000019dc0fcc50
Event: 0.353 Thread 0x000001b88a819110 DEOPT UNPACKING pc=0x000001b88df223a3 sp=0x00000019dc0fcbf0 mode 2
Event: 0.384 Thread 0x000001b88a819110 Uncommon trap: trap_request=0xffffff45 fr.pc=0x000001b8959b2cc8 relative=0x0000000000000048
Event: 0.384 Thread 0x000001b88a819110 Uncommon trap: reason=unstable_if action=reinterpret pc=0x000001b8959b2cc8 method=java.lang.CharacterData.of(I)Ljava/lang/CharacterData; @ 4 c2
Event: 0.384 Thread 0x000001b88a819110 DEOPT PACKING pc=0x000001b8959b2cc8 sp=0x00000019dc0fea90
Event: 0.384 Thread 0x000001b88a819110 DEOPT UNPACKING pc=0x000001b88df223a3 sp=0x00000019dc0fea30 mode 2

Classes unloaded (0 events):
No events

Classes redefined (1 events):
Event: 45.673 Thread 0x000001b8a8e52040 redefined class name=cz.vutbr.feec.dbconnection.dbconn.ConsoleInput, count=1

Internal exceptions (2 events):
Event: 0.413 Thread 0x000001b88a819110 Exception <a 'java/lang/NoSuchMethodError'{0x0000000718c35fe0}: 'java.lang.Object java.lang.invoke.DirectMethodHandle$Holder.invokeStatic(java.lang.Object, int, java.lang.Object)'> (0x0000000718c35fe0) 
thrown [e:\jenkins\tmp\workspace\build\src\src\hotspot\share\interpreter\linkResolver.cpp, line 766]
Event: 0.418 Thread 0x000001b88a819110 Exception <a 'java/lang/NoSuchMethodError'{0x0000000718c6fa58}: 'void java.lang.invoke.DirectMethodHandle$Holder.invokeStatic(java.lang.Object, java.lang.Object, java.lang.Object)'> (0x0000000718c6fa58) 
thrown [e:\jenkins\tmp\workspace\build\src\src\hotspot\share\interpreter\linkResolver.cpp, line 766]

VM Operations (20 events):
Event: 32.061 Executing VM operation: get/set locals done
Event: 32.061 Executing VM operation: get/set locals
Event: 32.062 Executing VM operation: get/set locals done
Event: 32.072 Executing VM operation: get/set locals
Event: 32.072 Executing VM operation: get/set locals done
Event: 32.072 Executing VM operation: get/set locals
Event: 32.072 Executing VM operation: get/set locals done
Event: 45.668 Executing VM operation: ChangeSingleStep
Event: 45.668 Executing VM operation: ChangeSingleStep done
Event: 45.669 Executing VM operation: ChangeSingleStep
Event: 45.669 Executing VM operation: ChangeSingleStep done
Event: 45.672 Executing VM operation: RedefineClasses
Event: 45.675 Executing VM operation: RedefineClasses done
Event: 45.680 Executing VM operation: ChangeBreakpoints
Event: 45.680 Executing VM operation: ChangeBreakpoints done
Event: 45.681 Executing VM operation: ChangeSingleStep
Event: 45.681 Executing VM operation: ChangeSingleStep done
Event: 45.682 Executing VM operation: ChangeSingleStep
Event: 45.682 Executing VM operation: ChangeSingleStep done
Event: 45.813 Executing VM operation: get/set locals

Events (20 events):
Event: 26.716 loading class java/time/format/DateTimeParseContext
Event: 26.716 loading class java/time/format/DateTimeParseContext done
Event: 26.717 loading class java/time/format/Parsed
Event: 26.717 loading class java/time/format/Parsed done
Event: 26.718 loading class java/time/temporal/TemporalQueries
Event: 26.718 loading class java/time/temporal/TemporalQueries done
Event: 26.718 loading class java/time/temporal/TemporalQueries$1
Event: 26.718 loading class java/time/temporal/TemporalQueries$1 done
Event: 26.718 loading class java/time/temporal/TemporalQueries$2
Event: 26.718 loading class java/time/temporal/TemporalQueries$2 done
Event: 26.718 loading class java/time/temporal/TemporalQueries$3
Event: 26.718 loading class java/time/temporal/TemporalQueries$3 done
Event: 26.718 loading class java/time/temporal/TemporalQueries$4
Event: 26.718 loading class java/time/temporal/TemporalQueries$4 done
Event: 26.718 loading class java/time/temporal/TemporalQueries$5
Event: 26.718 loading class java/time/temporal/TemporalQueries$5 done
Event: 26.718 loading class java/time/temporal/TemporalQueries$6
Event: 26.718 loading class java/time/temporal/TemporalQueries$6 done
Event: 26.718 loading class java/time/temporal/TemporalQueries$7
Event: 26.718 loading class java/time/temporal/TemporalQueries$7 done


Dynamic libraries:
0x00007ff7726a0000 - 0x00007ff7726ae000 	C:\Users\nemec\.p2\pool\plugins\org.eclipse.justj.openjdk.hotspot.jre.full.win32.x86_64_17.0.2.v20220201-1208\jre\bin\javaw.exe
0x00007fff03170000 - 0x00007fff03365000 	C:\Windows\SYSTEM32\ntdll.dll
0x00007fff02a80000 - 0x00007fff02b3e000 	C:\Windows\System32\KERNEL32.DLL
0x00007fff00ae0000 - 0x00007fff00da8000 	C:\Windows\System32\KERNELBASE.dll
0x00007fff00890000 - 0x00007fff00990000 	C:\Windows\System32\ucrtbase.dll
0x00007ffef9210000 - 0x00007ffef9229000 	C:\Users\nemec\.p2\pool\plugins\org.eclipse.justj.openjdk.hotspot.jre.full.win32.x86_64_17.0.2.v20220201-1208\jre\bin\VCRUNTIME140.dll
0x00007ffef6d70000 - 0x00007ffef6d88000 	C:\Users\nemec\.p2\pool\plugins\org.eclipse.justj.openjdk.hotspot.jre.full.win32.x86_64_17.0.2.v20220201-1208\jre\bin\jli.dll
0x00007fff013e0000 - 0x00007fff01580000 	C:\Windows\System32\USER32.dll
0x00007fff00db0000 - 0x00007fff00dd2000 	C:\Windows\System32\win32u.dll
0x00007ffeef880000 - 0x00007ffeefb1a000 	C:\Windows\WinSxS\amd64_microsoft.windows.common-controls_6595b64144ccf1df_6.0.19041.1110_none_60b5254171f9507e\COMCTL32.dll
0x00007fff01580000 - 0x00007fff015aa000 	C:\Windows\System32\GDI32.dll
0x00007fff03090000 - 0x00007fff0312e000 	C:\Windows\System32\msvcrt.dll
0x00007fff00f30000 - 0x00007fff0103b000 	C:\Windows\System32\gdi32full.dll
0x00007fff00990000 - 0x00007fff00a2d000 	C:\Windows\System32\msvcp_win.dll
0x00007fff018a0000 - 0x00007fff018d0000 	C:\Windows\System32\IMM32.DLL
0x00007ffef8af0000 - 0x00007ffef8afc000 	C:\Users\nemec\.p2\pool\plugins\org.eclipse.justj.openjdk.hotspot.jre.full.win32.x86_64_17.0.2.v20220201-1208\jre\bin\vcruntime140_1.dll
0x00007ffedaae0000 - 0x00007ffedab71000 	C:\Users\nemec\.p2\pool\plugins\org.eclipse.justj.openjdk.hotspot.jre.full.win32.x86_64_17.0.2.v20220201-1208\jre\bin\msvcp140.dll
0x00007ffe99980000 - 0x00007ffe9a5c7000 	C:\Users\nemec\.p2\pool\plugins\org.eclipse.justj.openjdk.hotspot.jre.full.win32.x86_64_17.0.2.v20220201-1208\jre\bin\server\jvm.dll
0x00007fff01770000 - 0x00007fff0181e000 	C:\Windows\System32\ADVAPI32.dll
0x00007fff029e0000 - 0x00007fff02a7c000 	C:\Windows\System32\sechost.dll
0x00007fff027e0000 - 0x00007fff02905000 	C:\Windows\System32\RPCRT4.dll
0x00007fff018d0000 - 0x00007fff018d8000 	C:\Windows\System32\PSAPI.DLL
0x00007ffef57a0000 - 0x00007ffef57aa000 	C:\Windows\SYSTEM32\VERSION.dll
0x00007ffed2870000 - 0x00007ffed2879000 	C:\Windows\SYSTEM32\WSOCK32.dll
0x00007ffef57b0000 - 0x00007ffef57d7000 	C:\Windows\SYSTEM32\WINMM.dll
0x00007fff02300000 - 0x00007fff0236b000 	C:\Windows\System32\WS2_32.dll
0x00007ffefe790000 - 0x00007ffefe7a2000 	C:\Windows\SYSTEM32\kernel.appcore.dll
0x00007ffef9d90000 - 0x00007ffef9d9a000 	C:\Users\nemec\.p2\pool\plugins\org.eclipse.justj.openjdk.hotspot.jre.full.win32.x86_64_17.0.2.v20220201-1208\jre\bin\jimage.dll
0x00007ffefe0f0000 - 0x00007ffefe2d4000 	C:\Windows\SYSTEM32\DBGHELP.DLL
0x00007ffee60f0000 - 0x00007ffee611c000 	C:\Windows\SYSTEM32\dbgcore.DLL
0x00007fff00de0000 - 0x00007fff00e62000 	C:\Windows\System32\bcryptPrimitives.dll
0x00007ffef3930000 - 0x00007ffef396b000 	C:\Users\nemec\.p2\pool\plugins\org.eclipse.justj.openjdk.hotspot.jre.full.win32.x86_64_17.0.2.v20220201-1208\jre\bin\jdwp.dll
0x00007ffef6d60000 - 0x00007ffef6d6e000 	C:\Users\nemec\.p2\pool\plugins\org.eclipse.justj.openjdk.hotspot.jre.full.win32.x86_64_17.0.2.v20220201-1208\jre\bin\instrument.dll
0x00007ffef54e0000 - 0x00007ffef5505000 	C:\Users\nemec\.p2\pool\plugins\org.eclipse.justj.openjdk.hotspot.jre.full.win32.x86_64_17.0.2.v20220201-1208\jre\bin\java.dll
0x00007ffef9230000 - 0x00007ffef9248000 	C:\Users\nemec\.p2\pool\plugins\org.eclipse.justj.openjdk.hotspot.jre.full.win32.x86_64_17.0.2.v20220201-1208\jre\bin\zip.dll
0x00007fff01a70000 - 0x00007fff021b4000 	C:\Windows\System32\SHELL32.dll
0x00007ffefe9b0000 - 0x00007ffeff144000 	C:\Windows\SYSTEM32\windows.storage.dll
0x00007fff02b40000 - 0x00007fff02e94000 	C:\Windows\System32\combase.dll
0x00007fff00300000 - 0x00007fff0032c000 	C:\Windows\SYSTEM32\Wldp.dll
0x00007fff02fe0000 - 0x00007fff0308d000 	C:\Windows\System32\SHCORE.dll
0x00007fff011d0000 - 0x00007fff01225000 	C:\Windows\System32\shlwapi.dll
0x00007fff007d0000 - 0x00007fff007ef000 	C:\Windows\SYSTEM32\profapi.dll
0x00007ffef6d50000 - 0x00007ffef6d5c000 	C:\Users\nemec\.p2\pool\plugins\org.eclipse.justj.openjdk.hotspot.jre.full.win32.x86_64_17.0.2.v20220201-1208\jre\bin\dt_socket.dll
0x00007ffeffce0000 - 0x00007ffeffd1b000 	C:\Windows\SYSTEM32\IPHLPAPI.DLL
0x00007fff00060000 - 0x00007fff000ca000 	C:\Windows\system32\mswsock.dll
0x00007ffeffd20000 - 0x00007ffeffdeb000 	C:\Windows\SYSTEM32\DNSAPI.dll
0x00007fff01760000 - 0x00007fff01768000 	C:\Windows\System32\NSI.dll
0x000000005b250000 - 0x000000005b276000 	C:\Program Files\Bonjour\mdnsNSP.dll
0x00007ffef7690000 - 0x00007ffef769a000 	C:\Windows\System32\rasadhlp.dll
0x00007ffef6b40000 - 0x00007ffef6bbf000 	C:\Windows\System32\fwpuclnt.dll
0x00007fff01040000 - 0x00007fff01067000 	C:\Windows\System32\bcrypt.dll
0x00007ffef89f0000 - 0x00007ffef8a09000 	C:\Users\nemec\.p2\pool\plugins\org.eclipse.justj.openjdk.hotspot.jre.full.win32.x86_64_17.0.2.v20220201-1208\jre\bin\net.dll
0x00007ffefb0a0000 - 0x00007ffefb1aa000 	C:\Windows\SYSTEM32\WINHTTP.dll
0x00007ffef6d90000 - 0x00007ffef6da5000 	C:\Users\nemec\.p2\pool\plugins\org.eclipse.justj.openjdk.hotspot.jre.full.win32.x86_64_17.0.2.v20220201-1208\jre\bin\nio.dll
0x00007ffef6d10000 - 0x00007ffef6d20000 	C:\Users\nemec\.p2\pool\plugins\org.eclipse.justj.openjdk.hotspot.jre.full.win32.x86_64_17.0.2.v20220201-1208\jre\bin\verify.dll

dbghelp: loaded successfully - version: 4.0.5 - missing functions: none
symbol engine: initialized successfully - sym options: 0x614 - pdb path: .;C:\Users\nemec\.p2\pool\plugins\org.eclipse.justj.openjdk.hotspot.jre.full.win32.x86_64_17.0.2.v20220201-1208\jre\bin;C:\Windows\SYSTEM32;C:\Windows\WinSxS\amd64_microsoft.windows.common-controls_6595b64144ccf1df_6.0.19041.1110_none_60b5254171f9507e;C:\Users\nemec\.p2\pool\plugins\org.eclipse.justj.openjdk.hotspot.jre.full.win32.x86_64_17.0.2.v20220201-1208\jre\bin\server;C:\Program Files\Bonjour

VM Arguments:
jvm_args: -XX:+ShowCodeDetailsInExceptionMessages -agentlib:jdwp=transport=dt_socket,suspend=y,address=localhost:59702 -javaagent:C:\Users\nemec\eclipse\java-2021-12\eclipse\configuration\org.eclipse.osgi\224\0\.cp\lib\javaagent-shaded.jar -Dfile.encoding=Cp1250 
java_command: cz.vutbr.feec.dbconnection.RunApp
java_class_path (initial): D:\Docs\Skola\VUT\PC2T\Eclipse\Projekt_DB\target\classes;C:\Users\nemec\.m2\repository\org\xerial\sqlite-jdbc\3.19.3\sqlite-jdbc-3.19.3.jar
Launcher Type: SUN_STANDARD

[Global flags]
     intx CICompilerCount                          = 4                                         {product} {ergonomic}
     uint ConcGCThreads                            = 2                                         {product} {ergonomic}
     uint G1ConcRefinementThreads                  = 8                                         {product} {ergonomic}
   size_t G1HeapRegionSize                         = 2097152                                   {product} {ergonomic}
    uintx GCDrainStackTargetSize                   = 64                                        {product} {ergonomic}
   size_t InitialHeapSize                          = 257949696                                 {product} {ergonomic}
   size_t MarkStackSize                            = 4194304                                   {product} {ergonomic}
   size_t MaxHeapSize                              = 4127195136                                {product} {ergonomic}
   size_t MaxNewSize                               = 2474639360                                {product} {ergonomic}
   size_t MinHeapDeltaBytes                        = 2097152                                   {product} {ergonomic}
   size_t MinHeapSize                              = 8388608                                   {product} {ergonomic}
    uintx NonNMethodCodeHeapSize                   = 5839372                                {pd product} {ergonomic}
    uintx NonProfiledCodeHeapSize                  = 122909434                              {pd product} {ergonomic}
    uintx ProfiledCodeHeapSize                     = 122909434                              {pd product} {ergonomic}
    uintx ReservedCodeCacheSize                    = 251658240                              {pd product} {ergonomic}
     bool SegmentedCodeCache                       = true                                      {product} {ergonomic}
     bool ShowCodeDetailsInExceptionMessages       = true                                   {manageable} {command line}
   size_t SoftMaxHeapSize                          = 4127195136                             {manageable} {ergonomic}
     bool UseCompressedClassPointers               = true                           {product lp64_product} {ergonomic}
     bool UseCompressedOops                        = true                           {product lp64_product} {ergonomic}
     bool UseG1GC                                  = true                                      {product} {ergonomic}
     bool UseLargePagesIndividualAllocation        = false                                  {pd product} {ergonomic}

Logging:
Log output configuration:
 #0: stdout all=warning uptime,level,tags
 #1: stderr all=off uptime,level,tags

Environment Variables:
PATH=C:\Users\nemec\.p2\pool\plugins\org.eclipse.justj.openjdk.hotspot.jre.full.win32.x86_64_17.0.2.v20220201-1208\jre\bin;C:/Users/nemec/.p2/pool/plugins/org.eclipse.justj.openjdk.hotspot.jre.full.win32.x86_64_17.0.2.v20220201-1208/jre/bin/server;C:/Users/nemec/.p2/pool/plugins/org.eclipse.justj.openjdk.hotspot.jre.full.win32.x86_64_17.0.2.v20220201-1208/jre/bin;C:\Program Files (x86)\Common Files\Intel\Shared Libraries\redist\intel64\compiler;C:\Program Files\AdoptOpenJDK\jdk-16.0.0.36-openj9\bin;C:\Program Files (x86)\Common Files\Oracle\Java\javapath;C:\Program Files\AdoptOpenJDK\jdk-11.0.10.9-hotspot\bin;C:\Program Files\AdoptOpenJDK\jdk-16.0.0.36-hotspot\bin;C:\Windows\system32;C:\Windows;C:\Windows\System32\Wbem;C:\Windows\System32\WindowsPowerShell\v1.0\;C:\Windows\System32\OpenSSH\;C:\Program Files\Git\cmd;C:\Program Files\Csound6_x64\bin;C:\Program Files\Cabbage;C:\Program Files\MATLAB\R2022a\bin;C:\Program Files\MATLAB\R2021b\bin;C:\Program Files\Inkscape\bin;C:\Program Files (x86)\Common Files\Propellerhead Software\ReWire\;C:\Program Files\Common Files\Propellerhead Software\ReWire\;C:\Users\nemec\AppData\Local\Microsoft\WindowsApps;C:\Users\nemec\AppData\Local\Programs\MiKTeX\miktex\bin\x64\;C:\Users\nemec\AppData\Local\atom\bin;C:\Windows\System32;
USERNAME=nemec
OS=Windows_NT
PROCESSOR_IDENTIFIER=AMD64 Family 23 Model 96 Stepping 1, AuthenticAMD



---------------  S Y S T E M  ---------------

OS:
 Windows 10 , 64 bit Build 19041 (10.0.19041.1645)
OS uptime: 8 days 18:35 hours

CPU: total 8 (initial active 8) (8 cores per cpu, 1 threads per core) family 23 model 96 stepping 1 microcode 0x0, cx8, cmov, fxsr, mmx, 3dnowpref, sse, sse2, sse3, ssse3, sse4a, sse4.1, sse4.2, popcnt, lzcnt, tsc, tscinvbit, avx, avx2, aes, clmul, bmi1, bmi2, adx, sha, fma, vzeroupper, clflush, clflushopt

Memory: 4k page, system-wide physical 15741M (7041M free)
TotalPageFile size 18173M (AvailPageFile size 4634M)
current process WorkingSet (physical memory assigned to process): 52M, peak: 55M
current process commit charge ("private bytes"): 336M, peak: 339M

vm_info: OpenJDK 64-Bit Server VM (17.0.2+8) for windows-amd64 JRE (17.0.2+8), built on Jan 20 2022 04:52:34 by "" with MS VC++ 16.7 (VS2019)

END.
