2022-04-12 11:43:00,186 277  [main] DEBUG c.v.f.b.t.a.impl.abstractanimal.Cat - sound()
2022-04-12 11:43:00,199 290  [main] DEBUG c.v.f.b.t.a.impl.abstractanimal.Cow - sound()
2022-04-12 11:43:00,199 290  [main] DEBUG c.v.f.b.t.a.impl.abstractanimal.Dog - sound()
2022-04-12 11:43:00,199 290  [main] DEBUG c.v.f.b.t.a.i.abstractanimal.Goat - sound()
2022-04-12 11:43:00,199 290  [main] DEBUG c.v.f.b.t.a.impl.abstractanimal.Pig - sound()
2022-04-12 11:43:00,202 293  [main] DEBUG c.v.f.b.t.a.impl.animal.CatImpl - sound()
2022-04-12 11:43:00,202 293  [main] DEBUG c.v.f.b.t.a.impl.animal.CowImpl - sound()
2022-04-12 11:43:00,202 293  [main] DEBUG c.v.f.b.t.a.impl.animal.DogImpl - sound()
2022-04-12 11:43:00,203 294  [main] DEBUG c.v.f.b.t.a.impl.animal.GoatImpl - sound()
2022-04-12 11:43:00,203 294  [main] DEBUG c.v.f.b.t.a.impl.animal.PigImpl - sound()
2022-04-12 11:47:37,548 270  [main] DEBUG c.v.f.b.t.a.impl.abstractanimal.Cat - sound()
2022-04-12 11:47:37,550 272  [main] DEBUG c.v.f.b.t.a.impl.abstractanimal.Cow - sound()
2022-04-12 11:47:37,550 272  [main] DEBUG c.v.f.b.t.a.impl.abstractanimal.Dog - sound()
2022-04-12 11:47:37,550 272  [main] DEBUG c.v.f.b.t.a.i.abstractanimal.Goat - sound()
2022-04-12 11:47:37,550 272  [main] DEBUG c.v.f.b.t.a.impl.abstractanimal.Pig - sound()
2022-04-12 11:47:37,552 274  [main] DEBUG c.v.f.b.t.a.impl.animal.CatImpl - sound()
2022-04-12 11:47:37,552 274  [main] DEBUG c.v.f.b.t.a.impl.animal.CowImpl - sound()
2022-04-12 11:47:37,552 274  [main] DEBUG c.v.f.b.t.a.impl.animal.DogImpl - sound()
2022-04-12 11:47:37,552 274  [main] DEBUG c.v.f.b.t.a.impl.animal.GoatImpl - sound()
2022-04-12 11:47:37,553 275  [main] DEBUG c.v.f.b.t.a.impl.animal.PigImpl - sound()
2022-04-12 11:49:49,361 278  [main] DEBUG c.v.f.b.t.a.impl.abstractanimal.Cat - sound()
2022-04-12 11:49:49,363 280  [main] DEBUG c.v.f.b.t.a.impl.abstractanimal.Cow - sound()
2022-04-12 11:49:49,363 280  [main] DEBUG c.v.f.b.t.a.impl.abstractanimal.Dog - sound()
2022-04-12 11:49:49,363 280  [main] DEBUG c.v.f.b.t.a.i.abstractanimal.Goat - sound()
2022-04-12 11:49:49,363 280  [main] DEBUG c.v.f.b.t.a.impl.abstractanimal.Pig - sound()
2022-04-12 11:49:49,365 282  [main] DEBUG c.v.f.b.t.a.impl.animal.CatImpl - sound()
2022-04-12 11:49:49,366 283  [main] DEBUG c.v.f.b.t.a.impl.animal.CowImpl - sound()
2022-04-12 11:49:49,366 283  [main] DEBUG c.v.f.b.t.a.impl.animal.DogImpl - sound()
2022-04-12 11:49:49,366 283  [main] DEBUG c.v.f.b.t.a.impl.animal.GoatImpl - sound()
2022-04-12 11:49:49,366 283  [main] DEBUG c.v.f.b.t.a.impl.animal.PigImpl - sound()
