2018-03-28 11:59:19,272 225  [main] DEBUG c.v.f.b.t.a.impl.abstractanimal.Cat - sound()
2018-03-28 11:59:37,953 200  [main] DEBUG c.v.f.b.t.a.impl.abstractanimal.Cat - sound()
2018-03-28 12:07:02,554 200  [main] DEBUG c.v.f.b.t.a.impl.animal.DogImpl - sound()
2018-03-28 12:07:58,864 193  [main] DEBUG c.v.f.b.t.a.impl.animal.PigImpl - sound()
2018-03-28 12:10:22,029 184  [main] DEBUG c.v.f.b.t.a.impl.abstractanimal.Cat - sound()
2018-03-28 12:10:22,029 184  [main] DEBUG c.v.f.b.t.a.impl.abstractanimal.Cow - sound()
2018-03-28 12:10:22,029 184  [main] DEBUG c.v.f.b.t.a.impl.abstractanimal.Dog - sound()
2018-03-28 12:10:22,045 200  [main] DEBUG c.v.f.b.t.a.i.abstractanimal.Goat - sound()
2018-03-28 12:10:22,045 200  [main] DEBUG c.v.f.b.t.a.impl.abstractanimal.Pig - sound()
2018-03-28 12:10:22,045 200  [main] DEBUG c.v.f.b.t.a.impl.animal.CatImpl - sound()
2018-03-28 12:10:22,045 200  [main] DEBUG c.v.f.b.t.a.impl.animal.CowImpl - sound()
2018-03-28 12:10:22,045 200  [main] DEBUG c.v.f.b.t.a.impl.animal.DogImpl - sound()
2018-03-28 12:10:22,045 200  [main] DEBUG c.v.f.b.t.a.impl.animal.GoatImpl - sound()
2018-03-28 12:10:22,061 216  [main] DEBUG c.v.f.b.t.a.impl.animal.PigImpl - sound()
2018-03-28 12:10:55,145 201  [main] DEBUG c.v.f.b.t.a.impl.abstractanimal.Cat - sound()
2018-03-28 12:10:55,145 201  [main] DEBUG c.v.f.b.t.a.impl.abstractanimal.Cow - sound()
2018-03-28 12:10:55,145 201  [main] DEBUG c.v.f.b.t.a.impl.abstractanimal.Dog - sound()
2018-03-28 12:10:55,145 201  [main] DEBUG c.v.f.b.t.a.i.abstractanimal.Goat - sound()
2018-03-28 12:10:55,145 201  [main] DEBUG c.v.f.b.t.a.impl.abstractanimal.Pig - sound()
2018-03-28 12:10:55,145 201  [main] DEBUG c.v.f.b.t.a.impl.animal.CatImpl - sound()
2018-03-28 12:10:55,145 201  [main] DEBUG c.v.f.b.t.a.impl.animal.CowImpl - sound()
2018-03-28 12:10:55,161 217  [main] DEBUG c.v.f.b.t.a.impl.animal.DogImpl - sound()
2018-03-28 12:10:55,161 217  [main] DEBUG c.v.f.b.t.a.impl.animal.GoatImpl - sound()
2018-03-28 12:10:55,161 217  [main] DEBUG c.v.f.b.t.a.impl.animal.PigImpl - sound()
2018-03-28 12:13:12,233 201  [main] DEBUG c.v.f.b.t.a.impl.abstractanimal.Cat - sound()
2018-03-28 12:13:12,233 201  [main] DEBUG c.v.f.b.t.a.impl.abstractanimal.Cow - sound()
2018-03-28 12:13:12,233 201  [main] DEBUG c.v.f.b.t.a.impl.abstractanimal.Dog - sound()
2018-03-28 12:13:12,233 201  [main] DEBUG c.v.f.b.t.a.i.abstractanimal.Goat - sound()
2018-03-28 12:13:12,233 201  [main] DEBUG c.v.f.b.t.a.impl.abstractanimal.Pig - sound()
2018-03-28 12:13:12,233 201  [main] DEBUG c.v.f.b.t.a.impl.animal.CatImpl - sound()
2018-03-28 12:13:12,233 201  [main] DEBUG c.v.f.b.t.a.impl.animal.CowImpl - sound()
2018-03-28 12:13:12,246 214  [main] DEBUG c.v.f.b.t.a.impl.animal.DogImpl - sound()
2018-03-28 12:13:12,247 215  [main] DEBUG c.v.f.b.t.a.impl.animal.GoatImpl - sound()
2018-03-28 12:13:12,248 216  [main] DEBUG c.v.f.b.t.a.impl.animal.PigImpl - sound()
2018-03-28 12:19:00,319 200  [main] DEBUG c.v.f.b.t.a.impl.abstractanimal.Cat - sound()
2018-03-28 12:19:00,319 200  [main] DEBUG c.v.f.b.t.a.impl.abstractanimal.Cow - sound()
2018-03-28 12:19:00,319 200  [main] DEBUG c.v.f.b.t.a.impl.abstractanimal.Dog - sound()
2018-03-28 12:19:00,319 200  [main] DEBUG c.v.f.b.t.a.i.abstractanimal.Goat - sound()
2018-03-28 12:19:00,319 200  [main] DEBUG c.v.f.b.t.a.impl.abstractanimal.Pig - sound()
2018-03-28 12:19:00,319 200  [main] DEBUG c.v.f.b.t.a.impl.animal.CatImpl - sound()
2018-03-28 12:19:00,319 200  [main] DEBUG c.v.f.b.t.a.impl.animal.CowImpl - sound()
2018-03-28 12:19:00,334 215  [main] DEBUG c.v.f.b.t.a.impl.animal.DogImpl - sound()
2018-03-28 12:19:00,334 215  [main] DEBUG c.v.f.b.t.a.impl.animal.GoatImpl - sound()
2018-03-28 12:19:00,334 215  [main] DEBUG c.v.f.b.t.a.impl.animal.PigImpl - sound()
2018-03-28 12:20:43,509 192  [main] DEBUG c.v.f.b.t.a.impl.abstractanimal.Cat - sound()
2018-03-28 12:20:43,509 192  [main] DEBUG c.v.f.b.t.a.impl.abstractanimal.Cow - sound()
2018-03-28 12:20:43,509 192  [main] DEBUG c.v.f.b.t.a.impl.abstractanimal.Dog - sound()
2018-03-28 12:20:43,509 192  [main] DEBUG c.v.f.b.t.a.i.abstractanimal.Goat - sound()
2018-03-28 12:20:43,509 192  [main] DEBUG c.v.f.b.t.a.impl.abstractanimal.Pig - sound()
2018-03-28 12:20:43,509 192  [main] DEBUG c.v.f.b.t.a.impl.animal.CatImpl - sound()
2018-03-28 12:20:43,509 192  [main] DEBUG c.v.f.b.t.a.impl.animal.CowImpl - sound()
2018-03-28 12:20:43,509 192  [main] DEBUG c.v.f.b.t.a.impl.animal.DogImpl - sound()
2018-03-28 12:20:43,509 192  [main] DEBUG c.v.f.b.t.a.impl.animal.GoatImpl - sound()
2018-03-28 12:20:43,509 192  [main] DEBUG c.v.f.b.t.a.impl.animal.PigImpl - sound()
2018-03-28 12:20:50,486 184  [main] DEBUG c.v.f.b.t.a.impl.abstractanimal.Cat - sound()
2018-03-28 12:20:50,486 184  [main] DEBUG c.v.f.b.t.a.impl.abstractanimal.Cow - sound()
2018-03-28 12:20:50,486 184  [main] DEBUG c.v.f.b.t.a.impl.abstractanimal.Dog - sound()
2018-03-28 12:20:50,502 200  [main] DEBUG c.v.f.b.t.a.i.abstractanimal.Goat - sound()
2018-03-28 12:20:50,502 200  [main] DEBUG c.v.f.b.t.a.impl.abstractanimal.Pig - sound()
2018-03-28 12:20:50,502 200  [main] DEBUG c.v.f.b.t.a.impl.animal.CatImpl - sound()
2018-03-28 12:20:50,502 200  [main] DEBUG c.v.f.b.t.a.impl.animal.CowImpl - sound()
2018-03-28 12:20:50,502 200  [main] DEBUG c.v.f.b.t.a.impl.animal.DogImpl - sound()
2018-03-28 12:20:50,502 200  [main] DEBUG c.v.f.b.t.a.impl.animal.GoatImpl - sound()
2018-03-28 12:20:50,502 200  [main] DEBUG c.v.f.b.t.a.impl.animal.PigImpl - sound()
